-------------------------------------------------------------------------------
Test set: org.linkeddatafragments.LinkedDataFragmentsClientTest
-------------------------------------------------------------------------------
Tests run: 9, Failures: 0, Errors: 9, Skipped: 0, Time elapsed: 0.699 sec <<< FAILURE! - in org.linkeddatafragments.LinkedDataFragmentsClientTest
testTypeSparql(org.linkeddatafragments.LinkedDataFragmentsClientTest)  Time elapsed: 0.654 sec  <<< ERROR!
java.lang.NoClassDefFoundError: org/apache/http/conn/util/PublicSuffixMatcherLoader
	at java.net.URLClassLoader.findClass(URLClassLoader.java:381)
	at java.lang.ClassLoader.loadClass(ClassLoader.java:424)
	at sun.misc.Launcher$AppClassLoader.loadClass(Launcher.java:331)
	at java.lang.ClassLoader.loadClass(ClassLoader.java:357)
	at org.apache.http.impl.nio.client.HttpAsyncClientBuilder.build(HttpAsyncClientBuilder.java:640)
	at org.apache.http.impl.nio.client.HttpAsyncClients.createDefault(HttpAsyncClients.java:60)
	at org.linkeddatafragments.client.LinkedDataFragmentsClient.<init>(LinkedDataFragmentsClient.java:38)
	at org.linkeddatafragments.model.LinkedDataFragmentGraph.<init>(LinkedDataFragmentGraph.java:36)
	at org.linkeddatafragments.LinkedDataFragmentsClientTest.setUp(LinkedDataFragmentsClientTest.java:24)

testBasicSparql(org.linkeddatafragments.LinkedDataFragmentsClientTest)  Time elapsed: 0 sec  <<< ERROR!
java.lang.NoClassDefFoundError: org/apache/http/conn/util/PublicSuffixMatcherLoader
	at org.apache.http.impl.nio.client.HttpAsyncClientBuilder.build(HttpAsyncClientBuilder.java:640)
	at org.apache.http.impl.nio.client.HttpAsyncClients.createDefault(HttpAsyncClients.java:60)
	at org.linkeddatafragments.client.LinkedDataFragmentsClient.<init>(LinkedDataFragmentsClient.java:38)
	at org.linkeddatafragments.model.LinkedDataFragmentGraph.<init>(LinkedDataFragmentGraph.java:36)
	at org.linkeddatafragments.LinkedDataFragmentsClientTest.setUp(LinkedDataFragmentsClientTest.java:24)

testSize(org.linkeddatafragments.LinkedDataFragmentsClientTest)  Time elapsed: 0 sec  <<< ERROR!
java.lang.NoClassDefFoundError: org/apache/http/conn/util/PublicSuffixMatcherLoader
	at org.apache.http.impl.nio.client.HttpAsyncClientBuilder.build(HttpAsyncClientBuilder.java:640)
	at org.apache.http.impl.nio.client.HttpAsyncClients.createDefault(HttpAsyncClients.java:60)
	at org.linkeddatafragments.client.LinkedDataFragmentsClient.<init>(LinkedDataFragmentsClient.java:38)
	at org.linkeddatafragments.model.LinkedDataFragmentGraph.<init>(LinkedDataFragmentGraph.java:36)
	at org.linkeddatafragments.LinkedDataFragmentsClientTest.setUp(LinkedDataFragmentsClientTest.java:24)

testSingleJoinSparql(org.linkeddatafragments.LinkedDataFragmentsClientTest)  Time elapsed: 0 sec  <<< ERROR!
java.lang.NoClassDefFoundError: org/apache/http/conn/util/PublicSuffixMatcherLoader
	at org.apache.http.impl.nio.client.HttpAsyncClientBuilder.build(HttpAsyncClientBuilder.java:640)
	at org.apache.http.impl.nio.client.HttpAsyncClients.createDefault(HttpAsyncClients.java:60)
	at org.linkeddatafragments.client.LinkedDataFragmentsClient.<init>(LinkedDataFragmentsClient.java:38)
	at org.linkeddatafragments.model.LinkedDataFragmentGraph.<init>(LinkedDataFragmentGraph.java:36)
	at org.linkeddatafragments.LinkedDataFragmentsClientTest.setUp(LinkedDataFragmentsClientTest.java:24)

testSingleCountPredicateSparql(org.linkeddatafragments.LinkedDataFragmentsClientTest)  Time elapsed: 0 sec  <<< ERROR!
java.lang.NoClassDefFoundError: org/apache/http/conn/util/PublicSuffixMatcherLoader
	at org.apache.http.impl.nio.client.HttpAsyncClientBuilder.build(HttpAsyncClientBuilder.java:640)
	at org.apache.http.impl.nio.client.HttpAsyncClients.createDefault(HttpAsyncClients.java:60)
	at org.linkeddatafragments.client.LinkedDataFragmentsClient.<init>(LinkedDataFragmentsClient.java:38)
	at org.linkeddatafragments.model.LinkedDataFragmentGraph.<init>(LinkedDataFragmentGraph.java:36)
	at org.linkeddatafragments.LinkedDataFragmentsClientTest.setUp(LinkedDataFragmentsClientTest.java:24)

testSparqlQueries(org.linkeddatafragments.LinkedDataFragmentsClientTest)  Time elapsed: 0 sec  <<< ERROR!
java.lang.NoClassDefFoundError: org/apache/http/conn/util/PublicSuffixMatcherLoader
	at org.apache.http.impl.nio.client.HttpAsyncClientBuilder.build(HttpAsyncClientBuilder.java:640)
	at org.apache.http.impl.nio.client.HttpAsyncClients.createDefault(HttpAsyncClients.java:60)
	at org.linkeddatafragments.client.LinkedDataFragmentsClient.<init>(LinkedDataFragmentsClient.java:38)
	at org.linkeddatafragments.model.LinkedDataFragmentGraph.<init>(LinkedDataFragmentGraph.java:36)
	at org.linkeddatafragments.LinkedDataFragmentsClientTest.setUp(LinkedDataFragmentsClientTest.java:24)

testSingleCountSubjectSparql(org.linkeddatafragments.LinkedDataFragmentsClientTest)  Time elapsed: 0 sec  <<< ERROR!
java.lang.NoClassDefFoundError: org/apache/http/conn/util/PublicSuffixMatcherLoader
	at org.apache.http.impl.nio.client.HttpAsyncClientBuilder.build(HttpAsyncClientBuilder.java:640)
	at org.apache.http.impl.nio.client.HttpAsyncClients.createDefault(HttpAsyncClients.java:60)
	at org.linkeddatafragments.client.LinkedDataFragmentsClient.<init>(LinkedDataFragmentsClient.java:38)
	at org.linkeddatafragments.model.LinkedDataFragmentGraph.<init>(LinkedDataFragmentGraph.java:36)
	at org.linkeddatafragments.LinkedDataFragmentsClientTest.setUp(LinkedDataFragmentsClientTest.java:24)

testSingleCountObjectSparql(org.linkeddatafragments.LinkedDataFragmentsClientTest)  Time elapsed: 0.001 sec  <<< ERROR!
java.lang.NoClassDefFoundError: org/apache/http/conn/util/PublicSuffixMatcherLoader
	at org.apache.http.impl.nio.client.HttpAsyncClientBuilder.build(HttpAsyncClientBuilder.java:640)
	at org.apache.http.impl.nio.client.HttpAsyncClients.createDefault(HttpAsyncClients.java:60)
	at org.linkeddatafragments.client.LinkedDataFragmentsClient.<init>(LinkedDataFragmentsClient.java:38)
	at org.linkeddatafragments.model.LinkedDataFragmentGraph.<init>(LinkedDataFragmentGraph.java:36)
	at org.linkeddatafragments.LinkedDataFragmentsClientTest.setUp(LinkedDataFragmentsClientTest.java:24)

testLiteralSparql(org.linkeddatafragments.LinkedDataFragmentsClientTest)  Time elapsed: 0 sec  <<< ERROR!
java.lang.NoClassDefFoundError: org/apache/http/conn/util/PublicSuffixMatcherLoader
	at org.apache.http.impl.nio.client.HttpAsyncClientBuilder.build(HttpAsyncClientBuilder.java:640)
	at org.apache.http.impl.nio.client.HttpAsyncClients.createDefault(HttpAsyncClients.java:60)
	at org.linkeddatafragments.client.LinkedDataFragmentsClient.<init>(LinkedDataFragmentsClient.java:38)
	at org.linkeddatafragments.model.LinkedDataFragmentGraph.<init>(LinkedDataFragmentGraph.java:36)
	at org.linkeddatafragments.LinkedDataFragmentsClientTest.setUp(LinkedDataFragmentsClientTest.java:24)

